[08Jan2025 00:06:54.194] [Server thread/WARN] [net.minecraft.server.network.ServerGamePacketListenerImpl/]: Oak Boat (vehicle of RAKNAROZ) moved too quickly! -8.58671427982108,0.0,-5.5816338399163214
[08Jan2025 00:06:54.209] [Server thread/WARN] [net.minecraft.server.network.ServerGamePacketListenerImpl/]: Oak Boat (vehicle of RAKNAROZ) moved too quickly! -8.949641978885097,0.0,-5.744277489707201
[08Jan2025 00:06:54.210] [Server thread/WARN] [net.minecraft.server.network.ServerGamePacketListenerImpl/]: Oak Boat (vehicle of RAKNAROZ) moved too quickly! -9.31367064069957,0.0,-5.904859167957966
[08Jan2025 00:14:24.599] [Server thread/INFO] [net.minecraft.server.MinecraftServer/]: kevin03x has made the advancement [Eye Spy]
[08Jan2025 00:14:30.198] [Server thread/INFO] [net.minecraft.server.MinecraftServer/]: RAKNAROZ has made the advancement [Eye Spy]
[08Jan2025 00:28:14.996] [Server thread/INFO] [net.minecraft.server.network.ServerGamePacketListenerImpl/]: kevin03x lost connection: Disconnected
[08Jan2025 00:28:14.996] [Server thread/INFO] [net.minecraft.server.MinecraftServer/]: kevin03x left the game
[08Jan2025 00:28:22.705] [Server thread/INFO] [net.minecraft.server.players.PlayerList/]: kevin03x[/127.255.186.225:58665] logged in with entity id 27348 at (-1025.5839032507379, 5.0, 1209.84473758912)
[08Jan2025 00:28:22.715] [Server thread/INFO] [net.minecraft.server.MinecraftServer/]: kevin03x joined the game
[08Jan2025 00:35:49.160] [Server thread/INFO] [net.minecraft.server.MinecraftServer/]: RAKNAROZ has made the advancement [The End?]
[08Jan2025 00:35:51.736] [Server thread/INFO] [net.minecraft.world.level.dimension.end.EndDragonFight/]: Scanning for legacy world dragon fight...
[08Jan2025 00:35:51.736] [Server thread/INFO] [net.minecraft.world.level.dimension.end.EndDragonFight/]: Found that the dragon has not yet been killed in this world.
[08Jan2025 00:35:52.380] [Server thread/WARN] [net.minecraft.server.MinecraftServer/]: Can't keep up! Is the server overloaded? Running 3387ms or 67 ticks behind
[08Jan2025 00:35:52.436] [Server thread/INFO] [net.minecraft.server.MinecraftServer/]: kevin03x has made the advancement [The End?]
[08Jan2025 00:42:09.987] [Server thread/INFO] [net.minecraft.server.MinecraftServer/]: kevin03x has made the advancement [Free the End]
[08Jan2025 00:42:37.945] [Server thread/INFO] [net.minecraft.server.MinecraftServer/]: kevin03x has reached the goal [The Next Generation]
[08Jan2025 00:44:00.444] [Server thread/INFO] [net.minecraft.server.MinecraftServer/]: kevin03x has made the advancement [Remote Getaway]
[08Jan2025 00:44:03.547] [Server thread/INFO] [net.minecraft.server.MinecraftServer/]: RAKNAROZ has made the advancement [Remote Getaway]
[08Jan2025 00:48:27.545] [Server thread/INFO] [net.minecraft.server.MinecraftServer/]: RAKNAROZ has made the advancement [The City at the End of the Game]
[08Jan2025 00:48:27.995] [Server thread/INFO] [net.minecraft.server.MinecraftServer/]: kevin03x has made the advancement [The City at the End of the Game]
[08Jan2025 01:02:39.396] [Server thread/INFO] [net.minecraft.server.MinecraftServer/]: RAKNAROZ has made the advancement [Local Brewery]
[08Jan2025 01:02:54.296] [Server thread/INFO] [net.minecraft.server.MinecraftServer/]: RAKNAROZ has reached the goal [Sky's the Limit]
[08Jan2025 01:09:20.598] [Server thread/WARN] [net.minecraft.server.network.ServerGamePacketListenerImpl/]: kevin03x was kicked for floating too long!
[08Jan2025 01:09:20.605] [Server thread/INFO] [net.minecraft.server.network.ServerGamePacketListenerImpl/]: kevin03x lost connection: Flying is not enabled on this server
[08Jan2025 01:09:20.611] [Server thread/INFO] [net.minecraft.server.MinecraftServer/]: kevin03x left the game
[08Jan2025 01:09:20.672] [Server thread/WARN] [net.minecraft.network.Connection/]: handleDisconnection() called twice
[08Jan2025 01:13:08.266] [Server thread/INFO] [net.minecraft.server.players.PlayerList/]: kevin03x[/127.255.186.225:48195] logged in with entity id 32588 at (-385.1621598026505, 59.7967356006687, -1109.5805171134368)
[08Jan2025 01:13:08.283] [Server thread/INFO] [net.minecraft.server.MinecraftServer/]: kevin03x joined the game
[08Jan2025 01:26:44.497] [Server thread/INFO] [net.minecraft.server.MinecraftServer/]: kevin03x has reached the goal [Sky's the Limit]
[08Jan2025 01:27:49.349] [Server thread/INFO] [net.minecraft.server.MinecraftServer/]: kevin03x has made the advancement [Local Brewery]
[08Jan2025 01:39:48.731] [Server thread/INFO] [net.minecraft.server.MinecraftServer/]: kevin03x was doomed to fall by Zombie
[08Jan2025 01:40:33.280] [Server thread/INFO] [net.minecraft.server.MinecraftServer/]: [kevin03x: Teleported kevin03x to RAKNAROZ]
[08Jan2025 01:47:21.845] [Server thread/INFO] [net.minecraft.server.MinecraftServer/]: RAKNAROZ has made the advancement [Hidden in the Depths]
[08Jan2025 01:47:41.145] [Server thread/INFO] [net.minecraft.server.MinecraftServer/]: kevin03x has made the advancement [Hidden in the Depths]
[08Jan2025 01:51:56.197] [Server thread/INFO] [net.minecraft.server.MinecraftServer/]: RAKNAROZ tried to swim in lava to escape Ghast
[08Jan2025 01:53:55.546] [Server thread/INFO] [net.minecraft.server.MinecraftServer/]: RAKNAROZ burned to death
[08Jan2025 02:09:22.453] [Server thread/INFO] [net.minecraft.world.entity.npc.Villager/]: Villager Villager['Toolsmith'/47267, l='ServerLevel[world]', x=213.52, y=57.00, z=79.52] died, message: 'Toolsmith was slain by Zombie'
[08Jan2025 02:24:14.701] [Server thread/INFO] [net.minecraft.server.MinecraftServer/]: kevin03x was slain by Zombie
[08Jan2025 02:24:15.200] [Server thread/WARN] [net.minecraft.server.level.ServerPlayerGameMode/]: Mismatch in destroy block pos: BlockPos{x=156, y=55, z=-55} BlockPos{x=157, y=54, z=-54}
[08Jan2025 02:24:15.201] [Server thread/WARN] [net.minecraft.server.level.ServerPlayerGameMode/]: Mismatch in destroy block pos: BlockPos{x=156, y=55, z=-55} BlockPos{x=157, y=54, z=-54}
[08Jan2025 02:24:52.274] [Server thread/WARN] [net.minecraft.server.level.ServerPlayerGameMode/]: Mismatch in destroy block pos: BlockPos{x=156, y=55, z=-55} BlockPos{x=157, y=54, z=-55}
[08Jan2025 02:25:17.934] [Server thread/WARN] [net.minecraft.server.level.ServerPlayerGameMode/]: Mismatch in destroy block pos: BlockPos{x=157, y=53, z=-56} BlockPos{x=160, y=54, z=-54}
[08Jan2025 02:48:14.315] [Server thread/WARN] [net.minecraft.server.level.ServerPlayerGameMode/]: Mismatch in destroy block pos: BlockPos{x=218, y=57, z=69} BlockPos{x=119, y=65, z=15}
